2023.03.29 10:35:16 INFO  Started: Metals version 0.11.11 in workspace '/home/kechidi/M1IWOCS22_23/Ia/iatp2' for client Visual Studio Code 1.76.2.
SLF4J: No SLF4J providers were found.
SLF4J: Defaulting to no-operation (NOP) logger implementation
SLF4J: See https://www.slf4j.org/codes.html#noProviders for further details.
SLF4J: Class path contains SLF4J bindings targeting slf4j-api versions 1.7.x or earlier.
SLF4J: Ignoring binding found at [jar:file:/home/kechidi/.cache/coursier/v1/https/repo1.maven.org/maven2/com/outr/scribe-slf4j_2.13/3.11.0/scribe-slf4j_2.13-3.11.0.jar!/org/slf4j/impl/StaticLoggerBinder.class]
SLF4J: See https://www.slf4j.org/codes.html#ignoredBindings for an explanation.
2023.03.29 10:35:19 INFO  time: initialize in 3.01s
2023.03.29 10:35:27 WARN  Build server is not auto-connectable.
2023.03.29 10:35:27 WARN  no build target for: /home/kechidi/M1IWOCS22_23/Ia/iatp2/src/main/java/org/example/Solution.java
mars 29, 2023 10:35:27 AM org.eclipse.lsp4j.jsonrpc.RemoteEndpoint handleCancellation
AVERTISSEMENT: Unmatched cancel notification for request id 2
mars 29, 2023 10:35:27 AM org.eclipse.lsp4j.jsonrpc.RemoteEndpoint handleCancellation
AVERTISSEMENT: Unmatched cancel notification for request id 5
2023.03.29 10:35:31 INFO  time: code lens generation in 3.78s
2023.03.29 10:38:09 WARN  no build target for: /home/kechidi/M1IWOCS22_23/Ia/iatp2/src/main/java/org/example/Recuit.java
mars 29, 2023 10:38:09 AM org.eclipse.lsp4j.jsonrpc.RemoteEndpoint handleCancellation
AVERTISSEMENT: Unmatched cancel notification for request id 8
2023.03.29 10:38:20 WARN  no build target for: /home/kechidi/M1IWOCS22_23/Ia/iatp2/src/main/java/org/example/SolutionFunction.java
2023.03.29 10:38:48 INFO  Shutting down server
2023.03.29 10:38:48 INFO  shutting down Metals
2023.03.29 10:38:48 INFO  Exiting server
